<?xml version="1.0" encoding="UTF-8"?>
<testng-results ignored="0" total="9" passed="6" failed="1" skipped="2">
  <reporter-output>
  </reporter-output>
  <suite started-at="2022-09-07T17:23:30 EDT" name="Suite" finished-at="2022-09-07T17:23:30 EDT" duration-ms="83">
    <groups>
    </groups>
    <test started-at="2022-09-07T17:23:30 EDT" name="Test" finished-at="2022-09-07T17:23:30 EDT" duration-ms="83">
      <class name="practicetests.testing2">
        <test-method signature="test3()[pri:0, instance:practicetests.testing2@67f639d3]" started-at="2022-09-07T17:23:30 EDT" name="test3" finished-at="2022-09-07T17:23:30 EDT" duration-ms="1" status="PASS">
          <reporter-output>
          </reporter-output>
        </test-method> <!-- test3 -->
        <test-method signature="test4()[pri:0, instance:practicetests.testing2@67f639d3]" started-at="2022-09-07T17:23:30 EDT" name="test4" finished-at="2022-09-07T17:23:30 EDT" duration-ms="1" status="PASS">
          <reporter-output>
          </reporter-output>
        </test-method> <!-- test4 -->
      </class> <!-- practicetests.testing2 -->
      <class name="practicetests.Testing3">
        <test-method signature="creatuser()[pri:1, instance:practicetests.Testing3@47d9a273]" started-at="2022-09-07T17:23:30 EDT" name="creatuser" finished-at="2022-09-07T17:23:30 EDT" duration-ms="10" status="FAIL">
          <exception class="java.lang.AssertionError">
            <message>
              <![CDATA[verify element expected [true] but found [false]]]>
            </message>
            <full-stacktrace>
              <![CDATA[java.lang.AssertionError: verify element expected [true] but found [false]
at org.testng.Assert.fail(Assert.java:110)
at org.testng.Assert.failNotEquals(Assert.java:1413)
at org.testng.Assert.assertTrue(Assert.java:56)
at practicetests.Testing3.creatuser(Testing3.java:14)
at java.base/jdk.internal.reflect.DirectMethodHandleAccessor.invoke(DirectMethodHandleAccessor.java:104)
at java.base/java.lang.reflect.Method.invoke(Method.java:577)
at org.testng.internal.invokers.MethodInvocationHelper.invokeMethod(MethodInvocationHelper.java:139)
at org.testng.internal.invokers.TestInvoker.invokeMethod(TestInvoker.java:677)
at org.testng.internal.invokers.TestInvoker.invokeTestMethod(TestInvoker.java:221)
at org.testng.internal.invokers.MethodRunner.runInSequence(MethodRunner.java:50)
at org.testng.internal.invokers.TestInvoker$MethodInvocationAgent.invoke(TestInvoker.java:962)
at org.testng.internal.invokers.TestInvoker.invokeTestMethods(TestInvoker.java:194)
at org.testng.internal.invokers.TestMethodWorker.invokeTestMethods(TestMethodWorker.java:148)
at org.testng.internal.invokers.TestMethodWorker.run(TestMethodWorker.java:128)
at java.base/java.util.ArrayList.forEach(ArrayList.java:1511)
at org.testng.TestRunner.privateRun(TestRunner.java:806)
at org.testng.TestRunner.run(TestRunner.java:601)
at org.testng.SuiteRunner.runTest(SuiteRunner.java:433)
at org.testng.SuiteRunner.runSequentially(SuiteRunner.java:427)
at org.testng.SuiteRunner.privateRun(SuiteRunner.java:387)
at org.testng.SuiteRunner.run(SuiteRunner.java:330)
at org.testng.SuiteRunnerWorker.runSuite(SuiteRunnerWorker.java:52)
at org.testng.SuiteRunnerWorker.run(SuiteRunnerWorker.java:95)
at org.testng.TestNG.runSuitesSequentially(TestNG.java:1256)
at org.testng.TestNG.runSuitesLocally(TestNG.java:1176)
at org.testng.TestNG.runSuites(TestNG.java:1099)
at org.testng.TestNG.run(TestNG.java:1067)
at org.testng.remote.AbstractRemoteTestNG.run(AbstractRemoteTestNG.java:115)
at org.testng.remote.RemoteTestNG.initAndRun(RemoteTestNG.java:251)
at org.testng.remote.RemoteTestNG.main(RemoteTestNG.java:77)
]]>
            </full-stacktrace>
          </exception> <!-- java.lang.AssertionError -->
          <reporter-output>
          </reporter-output>
        </test-method> <!-- creatuser -->
        <test-method signature="edituser()[pri:2, instance:practicetests.Testing3@47d9a273]" started-at="2022-09-07T17:23:30 EDT" name="edituser" finished-at="2022-09-07T17:23:30 EDT" depends-on-methods="practicetests.Testing3.creatuser" duration-ms="0" status="SKIP">
          <exception class="java.lang.Throwable">
            <message>
              <![CDATA[Method practicetests.Testing3.edituser() on instance practicetests.Testing3@47d9a273 depends on not successfully finished methods 
[practicetests.Testing3.creatuser() on instance practicetests.Testing3@47d9a273]]]>
            </message>
            <full-stacktrace>
              <![CDATA[java.lang.Throwable: Method practicetests.Testing3.edituser() on instance practicetests.Testing3@47d9a273 depends on not successfully finished methods 
[practicetests.Testing3.creatuser() on instance practicetests.Testing3@47d9a273]
at org.testng.internal.invokers.TestInvoker.invokeTestMethods(TestInvoker.java:150)
at org.testng.internal.invokers.TestMethodWorker.invokeTestMethods(TestMethodWorker.java:148)
at org.testng.internal.invokers.TestMethodWorker.run(TestMethodWorker.java:128)
at java.base/java.util.ArrayList.forEach(ArrayList.java:1511)
at org.testng.TestRunner.privateRun(TestRunner.java:806)
at org.testng.TestRunner.run(TestRunner.java:601)
at org.testng.SuiteRunner.runTest(SuiteRunner.java:433)
at org.testng.SuiteRunner.runSequentially(SuiteRunner.java:427)
at org.testng.SuiteRunner.privateRun(SuiteRunner.java:387)
at org.testng.SuiteRunner.run(SuiteRunner.java:330)
at org.testng.SuiteRunnerWorker.runSuite(SuiteRunnerWorker.java:52)
at org.testng.SuiteRunnerWorker.run(SuiteRunnerWorker.java:95)
at org.testng.TestNG.runSuitesSequentially(TestNG.java:1256)
at org.testng.TestNG.runSuitesLocally(TestNG.java:1176)
at org.testng.TestNG.runSuites(TestNG.java:1099)
at org.testng.TestNG.run(TestNG.java:1067)
at org.testng.remote.AbstractRemoteTestNG.run(AbstractRemoteTestNG.java:115)
at org.testng.remote.RemoteTestNG.initAndRun(RemoteTestNG.java:251)
at org.testng.remote.RemoteTestNG.main(RemoteTestNG.java:77)
]]>
            </full-stacktrace>
          </exception> <!-- java.lang.Throwable -->
          <reporter-output>
          </reporter-output>
        </test-method> <!-- edituser -->
        <test-method signature="deletuser()[pri:3, instance:practicetests.Testing3@47d9a273]" started-at="2022-09-07T17:23:30 EDT" name="deletuser" finished-at="2022-09-07T17:23:30 EDT" depends-on-methods="practicetests.Testing3.edituser" duration-ms="1" status="SKIP">
          <exception class="java.lang.Throwable">
            <message>
              <![CDATA[Method practicetests.Testing3.deletuser() on instance practicetests.Testing3@47d9a273 depends on not successfully finished methods 
[practicetests.Testing3.edituser() on instance practicetests.Testing3@47d9a273]]]>
            </message>
            <full-stacktrace>
              <![CDATA[java.lang.Throwable: Method practicetests.Testing3.deletuser() on instance practicetests.Testing3@47d9a273 depends on not successfully finished methods 
[practicetests.Testing3.edituser() on instance practicetests.Testing3@47d9a273]
at org.testng.internal.invokers.TestInvoker.invokeTestMethods(TestInvoker.java:150)
at org.testng.internal.invokers.TestMethodWorker.invokeTestMethods(TestMethodWorker.java:148)
at org.testng.internal.invokers.TestMethodWorker.run(TestMethodWorker.java:128)
at java.base/java.util.ArrayList.forEach(ArrayList.java:1511)
at org.testng.TestRunner.privateRun(TestRunner.java:806)
at org.testng.TestRunner.run(TestRunner.java:601)
at org.testng.SuiteRunner.runTest(SuiteRunner.java:433)
at org.testng.SuiteRunner.runSequentially(SuiteRunner.java:427)
at org.testng.SuiteRunner.privateRun(SuiteRunner.java:387)
at org.testng.SuiteRunner.run(SuiteRunner.java:330)
at org.testng.SuiteRunnerWorker.runSuite(SuiteRunnerWorker.java:52)
at org.testng.SuiteRunnerWorker.run(SuiteRunnerWorker.java:95)
at org.testng.TestNG.runSuitesSequentially(TestNG.java:1256)
at org.testng.TestNG.runSuitesLocally(TestNG.java:1176)
at org.testng.TestNG.runSuites(TestNG.java:1099)
at org.testng.TestNG.run(TestNG.java:1067)
at org.testng.remote.AbstractRemoteTestNG.run(AbstractRemoteTestNG.java:115)
at org.testng.remote.RemoteTestNG.initAndRun(RemoteTestNG.java:251)
at org.testng.remote.RemoteTestNG.main(RemoteTestNG.java:77)
]]>
            </full-stacktrace>
          </exception> <!-- java.lang.Throwable -->
          <reporter-output>
          </reporter-output>
        </test-method> <!-- deletuser -->
      </class> <!-- practicetests.Testing3 -->
      <class name="practicetests.Testing1">
        <test-method is-config="true" signature="beforeSuite()[pri:0, instance:practicetests.Testing1@21282ed8]" started-at="2022-09-07T17:23:30 EDT" name="beforeSuite" finished-at="2022-09-07T17:23:30 EDT" duration-ms="8" status="PASS">
          <reporter-output>
          </reporter-output>
        </test-method> <!-- beforeSuite -->
        <test-method is-config="true" signature="beforeTest()[pri:0, instance:practicetests.Testing1@21282ed8]" started-at="2022-09-07T17:23:30 EDT" name="beforeTest" finished-at="2022-09-07T17:23:30 EDT" duration-ms="1" status="PASS">
          <reporter-output>
          </reporter-output>
        </test-method> <!-- beforeTest -->
        <test-method is-config="true" signature="beforeClass()[pri:0, instance:practicetests.Testing1@21282ed8]" started-at="2022-09-07T17:23:30 EDT" name="beforeClass" finished-at="2022-09-07T17:23:30 EDT" duration-ms="0" status="PASS">
          <reporter-output>
          </reporter-output>
        </test-method> <!-- beforeClass -->
        <test-method is-config="true" signature="beforeMethod()[pri:0, instance:practicetests.Testing1@21282ed8]" started-at="2022-09-07T17:23:30 EDT" name="beforeMethod" finished-at="2022-09-07T17:23:30 EDT" duration-ms="1" status="PASS">
          <reporter-output>
          </reporter-output>
        </test-method> <!-- beforeMethod -->
        <test-method signature="Test1()[pri:0, instance:practicetests.Testing1@21282ed8]" started-at="2022-09-07T17:23:30 EDT" name="Test1" finished-at="2022-09-07T17:23:30 EDT" duration-ms="5" status="PASS">
          <reporter-output>
          </reporter-output>
        </test-method> <!-- Test1 -->
        <test-method is-config="true" signature="afterMethod()[pri:0, instance:practicetests.Testing1@21282ed8]" started-at="2022-09-07T17:23:30 EDT" name="afterMethod" finished-at="2022-09-07T17:23:30 EDT" duration-ms="0" status="PASS">
          <reporter-output>
          </reporter-output>
        </test-method> <!-- afterMethod -->
        <test-method is-config="true" signature="beforeMethod()[pri:0, instance:practicetests.Testing1@21282ed8]" started-at="2022-09-07T17:23:30 EDT" name="beforeMethod" finished-at="2022-09-07T17:23:30 EDT" duration-ms="1" status="PASS">
          <reporter-output>
          </reporter-output>
        </test-method> <!-- beforeMethod -->
        <test-method signature="Test2()[pri:0, instance:practicetests.Testing1@21282ed8]" started-at="2022-09-07T17:23:30 EDT" name="Test2" finished-at="2022-09-07T17:23:30 EDT" duration-ms="1" status="PASS">
          <reporter-output>
          </reporter-output>
        </test-method> <!-- Test2 -->
        <test-method is-config="true" signature="afterMethod()[pri:0, instance:practicetests.Testing1@21282ed8]" started-at="2022-09-07T17:23:30 EDT" name="afterMethod" finished-at="2022-09-07T17:23:30 EDT" duration-ms="0" status="PASS">
          <reporter-output>
          </reporter-output>
        </test-method> <!-- afterMethod -->
        <test-method is-config="true" signature="beforeMethod()[pri:0, instance:practicetests.Testing1@21282ed8]" started-at="2022-09-07T17:23:30 EDT" name="beforeMethod" finished-at="2022-09-07T17:23:30 EDT" duration-ms="1" status="PASS">
          <reporter-output>
          </reporter-output>
        </test-method> <!-- beforeMethod -->
        <test-method signature="f(java.lang.Integer,java.lang.String)[pri:0, instance:practicetests.Testing1@21282ed8]" started-at="2022-09-07T17:23:30 EDT" name="f" data-provider="dp" finished-at="2022-09-07T17:23:30 EDT" duration-ms="3" status="PASS">
          <params>
            <param index="0">
              <value>
                <![CDATA[1]]>
              </value>
            </param>
            <param index="1">
              <value>
                <![CDATA[a]]>
              </value>
            </param>
          </params>
          <reporter-output>
          </reporter-output>
        </test-method> <!-- f -->
        <test-method is-config="true" signature="afterMethod()[pri:0, instance:practicetests.Testing1@21282ed8]" started-at="2022-09-07T17:23:30 EDT" name="afterMethod" finished-at="2022-09-07T17:23:30 EDT" duration-ms="0" status="PASS">
          <reporter-output>
          </reporter-output>
        </test-method> <!-- afterMethod -->
        <test-method signature="f(java.lang.Integer,java.lang.String)[pri:0, instance:practicetests.Testing1@21282ed8]" started-at="2022-09-07T17:23:30 EDT" name="f" data-provider="dp" finished-at="2022-09-07T17:23:30 EDT" duration-ms="1" status="PASS">
          <params>
            <param index="0">
              <value>
                <![CDATA[2]]>
              </value>
            </param>
            <param index="1">
              <value>
                <![CDATA[b]]>
              </value>
            </param>
          </params>
          <reporter-output>
          </reporter-output>
        </test-method> <!-- f -->
        <test-method is-config="true" signature="beforeMethod()[pri:0, instance:practicetests.Testing1@21282ed8]" started-at="2022-09-07T17:23:30 EDT" name="beforeMethod" finished-at="2022-09-07T17:23:30 EDT" duration-ms="0" status="PASS">
          <reporter-output>
          </reporter-output>
        </test-method> <!-- beforeMethod -->
        <test-method is-config="true" signature="afterMethod()[pri:0, instance:practicetests.Testing1@21282ed8]" started-at="2022-09-07T17:23:30 EDT" name="afterMethod" finished-at="2022-09-07T17:23:30 EDT" duration-ms="1" status="PASS">
          <reporter-output>
          </reporter-output>
        </test-method> <!-- afterMethod -->
        <test-method is-config="true" signature="afterClass()[pri:0, instance:practicetests.Testing1@21282ed8]" started-at="2022-09-07T17:23:30 EDT" name="afterClass" finished-at="2022-09-07T17:23:30 EDT" duration-ms="1" status="PASS">
          <reporter-output>
          </reporter-output>
        </test-method> <!-- afterClass -->
        <test-method is-config="true" signature="afterTest()[pri:0, instance:practicetests.Testing1@21282ed8]" started-at="2022-09-07T17:23:30 EDT" name="afterTest" finished-at="2022-09-07T17:23:30 EDT" duration-ms="1" status="PASS">
          <reporter-output>
          </reporter-output>
        </test-method> <!-- afterTest -->
        <test-method is-config="true" signature="afterSuite()[pri:0, instance:practicetests.Testing1@21282ed8]" started-at="2022-09-07T17:23:30 EDT" name="afterSuite" finished-at="2022-09-07T17:23:30 EDT" duration-ms="0" status="PASS">
          <reporter-output>
          </reporter-output>
        </test-method> <!-- afterSuite -->
      </class> <!-- practicetests.Testing1 -->
    </test> <!-- Test -->
  </suite> <!-- Suite -->
</testng-results>
